2012-12-09 23:23:52,076 [INFO    ] Programm  started
2012-12-09 23:23:52,076 [DEBUG   ] Serial Interface: /dev/ttyUSB0
2012-12-09 23:23:52,076 [DEBUG   ] Twitter Terms: #harryplotter, #harryplottr, @h42i, #h42i, #hasi, @plotteria, @harryplottr, #hasileaks, @hasileaks, #2dharrytest
2012-12-09 23:23:52,076 [INFO    ] Searching twitter
2012-12-09 23:23:57,584 [INFO    ] Programm was closed
2012-12-09 23:25:28,696 [INFO    ] Programm  started
2012-12-09 23:25:28,696 [DEBUG   ] Serial Interface: /dev/ttyUSB0
2012-12-09 23:25:28,696 [DEBUG   ] Twitter Terms: #harryplotter, #harryplottr, @h42i, #h42i, #hasi, @plotteria, @harryplottr, #hasileaks, @hasileaks, #2dharrytest
2012-12-09 23:25:28,696 [INFO    ] Searching twitter
2012-12-09 23:27:13,417 [INFO    ] 0 tweets found
2012-12-09 23:27:13,417 [INFO    ] Tweets plotted
2012-12-09 23:27:13,418 [INFO    ] Searching twitter
2012-12-09 23:28:58,171 [INFO    ] 0 tweets found
2012-12-09 23:28:58,171 [INFO    ] Tweets plotted
2012-12-09 23:28:58,171 [INFO    ] Searching twitter
2012-12-09 23:29:23,628 [INFO    ] Programm was closed
2012-12-09 23:31:17,375 [INFO    ] Programm  started
2012-12-09 23:31:17,375 [DEBUG   ] Serial Interface: /dev/ttyUSB0
2012-12-09 23:31:17,375 [DEBUG   ] Twitter Terms: #harryplotter, #harryplottr, @h42i, #h42i, #hasi, @plotteria, @harryplottr, #hasileaks, @hasileaks, #2dharrytest
2012-12-09 23:31:17,375 [INFO    ] Searching twitter
2012-12-09 23:31:18,628 [INFO    ] Programm was closed
2012-12-09 23:47:14,496 [ERROR   ] Serial device could not be opened
2012-12-09 23:47:35,506 [WARNING ] plotterobject could not be created, all plotting related functions will mostlikely fail and produce errors in this log.
2012-12-09 23:48:50,976 [INFO    ] Programm  started
2012-12-09 23:48:50,976 [DEBUG   ] Serial Interface: /dev/ttyUSB0
2012-12-09 23:48:50,976 [DEBUG   ] Twitter Terms: #harryplotter, #harryplottr, @h42i, #h42i, #hasi, @plotteria, @harryplottr, #hasileaks, @hasileaks, #2dharrytest
2012-12-09 23:48:50,976 [INFO    ] Searching twitter
2012-12-09 23:49:25,026 [INFO    ] Programm was closed
2012-12-09 23:58:25,368 [ERROR   ] Serial device could not be opened. The plotter class will enable DEBUG-Mode meaning all writing to the serial interface is disabled and will raise an PlotterError if it is tried
2012-12-09 23:58:46,398 [INFO    ] Programm  started
2012-12-09 23:58:46,398 [DEBUG   ] Serial Interface: /dev/ttyUSB0
2012-12-09 23:58:46,398 [DEBUG   ] Twitter Terms: #harryplotter, #harryplottr, @h42i, #h42i, #hasi, @plotteria, @harryplottr, #hasileaks, @hasileaks, #2dharrytest
2012-12-09 23:58:46,398 [INFO    ] Searching twitter
2012-12-09 23:58:50,999 [INFO    ] Programm was closed
2012-12-09 23:58:51,009 [ERROR   ] Serial device could not be closed
